<?xml version="1.0" encoding="UTF-8"?>
<!-- Generated by org.testng.reporters.JUnitReportReporter -->
<testsuite hostname="DESKTOP-VO9CVPG" failures="0" tests="3" name="com.aniket.Runners.TestRunner" time="38.355" errors="0" timestamp="2025-06-26T00:43:55 IST" skipped="0">
  <testcase classname="com.aniket.Runners.TestRunner" name="runScenario" time="9.307"/>
  <testcase classname="com.aniket.Runners.TestRunner" name="runScenario" time="14.555"/>
  <testcase classname="com.aniket.Runners.TestRunner" name="runScenario" time="14.493"/>
</testsuite> <!-- com.aniket.Runners.TestRunner -->
