<?xml version="1.0" encoding="UTF-8"?>
<!-- Generated by org.testng.reporters.JUnitReportReporter -->
<testsuite hostname="DESKTOP-VO9CVPG" failures="0" tests="3" name="com.aniket.Runners.FailedTestRunner" time="35.984" errors="0" timestamp="2025-07-06T00:31:48 IST" skipped="0">
  <testcase classname="com.aniket.Runners.FailedTestRunner" name="runScenario" time="20.597"/>
  <testcase classname="com.aniket.Runners.FailedTestRunner" name="runScenario" time="7.796"/>
  <testcase classname="com.aniket.Runners.FailedTestRunner" name="runScenario" time="7.591"/>
</testsuite> <!-- com.aniket.Runners.FailedTestRunner -->
