<?xml version="1.0" encoding="UTF-8"?>
<!-- Generated by org.testng.reporters.JUnitReportReporter -->
<testsuite hostname="DESKTOP-VO9CVPG" failures="0" tests="1" name="com.aniket.Runners.TestRunner" time="11.858" errors="0" timestamp="2025-06-16T21:34:40 IST" skipped="0">
  <testcase classname="com.aniket.Runners.TestRunner" name="runScenario" time="11.858"/>
</testsuite> <!-- com.aniket.Runners.TestRunner -->
