<?xml version="1.0" encoding="UTF-8"?>
<!-- Generated by org.testng.reporters.JUnitReportReporter -->
<testsuite hostname="DESKTOP-QTVGVJN" failures="0" tests="3" name="com.aniket.Runners.TestRunner" time="36.950" errors="0" timestamp="2025-06-01T00:00:10 IST" skipped="0">
  <testcase classname="com.aniket.Runners.TestRunner" name="runScenario" time="23.324"/>
  <testcase classname="com.aniket.Runners.TestRunner" name="runScenario" time="7.020"/>
  <testcase classname="com.aniket.Runners.TestRunner" name="runScenario" time="6.606"/>
</testsuite> <!-- com.aniket.Runners.TestRunner -->
