<?xml version="1.0" encoding="UTF-8"?>
<!-- Generated by org.testng.reporters.JUnitReportReporter -->
<testsuite hostname="DESKTOP-VO9CVPG" failures="1" tests="1" name="com.aniket.Runners.TestRunner" time="24.672" errors="0" timestamp="2025-07-06T00:25:06 IST" skipped="0">
  <testcase classname="com.aniket.Runners.TestRunner" name="runScenario" time="24.672">
    <failure message="expected [true] but found [false]" type="java.lang.AssertionError">
      <![CDATA[java.lang.AssertionError: expected [true] but found [false]
at org.testng.Assert.fail(Assert.java:111)
at org.testng.Assert.failNotEquals(Assert.java:1578)
at org.testng.Assert.assertTrue(Assert.java:57)
at org.testng.Assert.assertTrue(Assert.java:67)
at com.aniket.stepDefinitions.HomePageSteps.employee_should_be_added_and_Personal_Details_page_should_be_displayed(HomePageSteps.java:64)
at âœ½.employee should be added and Personal Details page should be displayed(file:///C:/Personal%20Project/mini_project/src/test/resources/features/AddEmployee.feature:10)
]]>
    </failure>
  </testcase> <!-- runScenario -->
</testsuite> <!-- com.aniket.Runners.TestRunner -->
