<?xml version="1.0" encoding="UTF-8"?>
<!-- Generated by org.testng.reporters.JUnitReportReporter -->
<testsuite hostname="DESKTOP-QTVGVJN" failures="1" tests="1" name="com.aniket.Runners.TestRunner" time="20.292" errors="0" timestamp="2025-06-02T02:08:16 IST" skipped="0">
  <testcase classname="com.aniket.Runners.TestRunner" name="runScenario" time="20.292">
    <failure message="Home page is not opened expected [true] but found [false]" type="java.lang.AssertionError">
      <![CDATA[java.lang.AssertionError: Home page is not opened expected [true] but found [false]
at org.testng.Assert.fail(Assert.java:111)
at org.testng.Assert.failNotEquals(Assert.java:1578)
at org.testng.Assert.assertTrue(Assert.java:57)
at com.aniket.stepDefinitions.LoginSteps.user_should_navigated_to_home_page(LoginSteps.java:60)
at âœ½.user should navigated to home page(file:///C:/Personal%20Project/mini_project/src/test/resources/features/Login.feature:8)
]]>
    </failure>
  </testcase> <!-- runScenario -->
</testsuite> <!-- com.aniket.Runners.TestRunner -->
