<?xml version="1.0" encoding="UTF-8"?>
<!-- Generated by org.testng.reporters.JUnitReportReporter -->
<testsuite hostname="DESKTOP-QTVGVJN" failures="0" tests="1" name="com.aniket.Runners.TestRunner" time="11.607" errors="0" timestamp="2025-06-01T01:47:22 IST" skipped="0">
  <testcase classname="com.aniket.Runners.TestRunner" name="runScenario" time="11.607"/>
</testsuite> <!-- com.aniket.Runners.TestRunner -->
